{"/Users/dummdevka/projects/nodejs/artboard/backend/src/controllers/authController.ts": {"path":"/Users/dummdevka/projects/nodejs/artboard/backend/src/controllers/authController.ts","statementMap":{"0":{"start":{"line":1,"column":0},"end":{"line":1,"column":43}},"1":{"start":{"line":2,"column":0},"end":{"line":2,"column":67}},"2":{"start":{"line":7,"column":28},"end":{"line":29,"column":2}},"3":{"start":{"line":7,"column":66},"end":{"line":29,"column":2}},"4":{"start":{"line":8,"column":42},"end":{"line":8,"column":50}},"5":{"start":{"line":9,"column":28},"end":{"line":9,"column":57}},"6":{"start":{"line":10,"column":4},"end":{"line":12,"column":5}},"7":{"start":{"line":11,"column":8},"end":{"line":11,"column":89}},"8":{"start":{"line":13,"column":31},"end":{"line":13,"column":63}},"9":{"start":{"line":14,"column":4},"end":{"line":16,"column":5}},"10":{"start":{"line":15,"column":8},"end":{"line":15,"column":92}},"11":{"start":{"line":17,"column":17},"end":{"line":17,"column":65}},"12":{"start":{"line":19,"column":4},"end":{"line":28,"column":5}},"13":{"start":{"line":20,"column":22},"end":{"line":20,"column":45}},"14":{"start":{"line":21,"column":25},"end":{"line":21,"column":38}},"15":{"start":{"line":22,"column":26},"end":{"line":22,"column":51}},"16":{"start":{"line":23,"column":8},"end":{"line":25,"column":10}},"17":{"start":{"line":27,"column":8},"end":{"line":27,"column":86}},"18":{"start":{"line":7,"column":13},"end":{"line":7,"column":28}},"19":{"start":{"line":31,"column":25},"end":{"line":44,"column":null}},"20":{"start":{"line":31,"column":63},"end":{"line":44,"column":null}},"21":{"start":{"line":32,"column":32},"end":{"line":32,"column":40}},"22":{"start":{"line":33,"column":17},"end":{"line":33,"column":46}},"23":{"start":{"line":34,"column":4},"end":{"line":36,"column":5}},"24":{"start":{"line":35,"column":8},"end":{"line":35,"column":82}},"25":{"start":{"line":38,"column":4},"end":{"line":42,"column":5}},"26":{"start":{"line":39,"column":22},"end":{"line":39,"column":45}},"27":{"start":{"line":40,"column":26},"end":{"line":40,"column":63}},"28":{"start":{"line":41,"column":8},"end":{"line":41,"column":75}},"29":{"start":{"line":43,"column":4},"end":{"line":43,"column":81}},"30":{"start":{"line":31,"column":13},"end":{"line":31,"column":25}}},"fnMap":{"0":{"name":"(anonymous_7)","decl":{"start":{"line":7,"column":28},"end":{"line":7,"column":35}},"loc":{"start":{"line":7,"column":66},"end":{"line":29,"column":2}}},"1":{"name":"(anonymous_8)","decl":{"start":{"line":7,"column":66},"end":{"line":7,"column":null}},"loc":{"start":{"line":7,"column":66},"end":{"line":29,"column":1}}},"2":{"name":"(anonymous_9)","decl":{"start":{"line":31,"column":25},"end":{"line":31,"column":32}},"loc":{"start":{"line":31,"column":63},"end":{"line":44,"column":null}}},"3":{"name":"(anonymous_10)","decl":{"start":{"line":31,"column":63},"end":{"line":31,"column":null}},"loc":{"start":{"line":31,"column":63},"end":{"line":44,"column":1}}}},"branchMap":{"0":{"loc":{"start":{"line":10,"column":4},"end":{"line":12,"column":5}},"type":"if","locations":[{"start":{"line":10,"column":4},"end":{"line":12,"column":5}},{"start":{},"end":{}}]},"1":{"loc":{"start":{"line":14,"column":4},"end":{"line":16,"column":5}},"type":"if","locations":[{"start":{"line":14,"column":4},"end":{"line":16,"column":5}},{"start":{},"end":{}}]},"2":{"loc":{"start":{"line":19,"column":4},"end":{"line":28,"column":5}},"type":"if","locations":[{"start":{"line":19,"column":4},"end":{"line":28,"column":5}},{"start":{"line":26,"column":11},"end":{"line":28,"column":5}}]},"3":{"loc":{"start":{"line":34,"column":4},"end":{"line":36,"column":5}},"type":"if","locations":[{"start":{"line":34,"column":4},"end":{"line":36,"column":5}},{"start":{},"end":{}}]},"4":{"loc":{"start":{"line":38,"column":4},"end":{"line":42,"column":5}},"type":"if","locations":[{"start":{"line":38,"column":4},"end":{"line":42,"column":5}},{"start":{},"end":{}}]}},"s":{"0":1,"1":1,"2":1,"3":3,"4":3,"5":3,"6":3,"7":1,"8":2,"9":2,"10":0,"11":2,"12":2,"13":1,"14":1,"15":1,"16":1,"17":1,"18":1,"19":1,"20":3,"21":3,"22":3,"23":3,"24":1,"25":2,"26":1,"27":1,"28":1,"29":1,"30":1},"f":{"0":3,"1":3,"2":3,"3":3},"b":{"0":[1,2],"1":[0,2],"2":[1,1],"3":[1,2],"4":[1,1]}}
,"/Users/dummdevka/projects/nodejs/artboard/backend/src/controllers/postController.ts": {"path":"/Users/dummdevka/projects/nodejs/artboard/backend/src/controllers/postController.ts","statementMap":{"0":{"start":{"line":6,"column":0},"end":{"line":6,"column":22}},"1":{"start":{"line":12,"column":0},"end":{"line":12,"column":22}},"2":{"start":{"line":22,"column":0},"end":{"line":22,"column":22}},"3":{"start":{"line":37,"column":0},"end":{"line":37,"column":22}},"4":{"start":{"line":53,"column":0},"end":{"line":53,"column":22}},"5":{"start":{"line":1,"column":0},"end":{"line":1,"column":36}},"6":{"start":{"line":3,"column":0},"end":{"line":3,"column":59}},"7":{"start":{"line":4,"column":0},"end":{"line":4,"column":46}},"8":{"start":{"line":8,"column":18},"end":{"line":8,"column":107}},"9":{"start":{"line":9,"column":4},"end":{"line":9,"column":57}},"10":{"start":{"line":14,"column":15},"end":{"line":14,"column":28}},"11":{"start":{"line":15,"column":17},"end":{"line":15,"column":72}},"12":{"start":{"line":16,"column":4},"end":{"line":18,"column":5}},"13":{"start":{"line":17,"column":8},"end":{"line":17,"column":87}},"14":{"start":{"line":19,"column":4},"end":{"line":19,"column":56}},"15":{"start":{"line":23,"column":57},"end":{"line":23,"column":65}},"16":{"start":{"line":25,"column":4},"end":{"line":34,"column":5}},"17":{"start":{"line":26,"column":23},"end":{"line":26,"column":36}},"18":{"start":{"line":27,"column":21},"end":{"line":27,"column":137}},"19":{"start":{"line":27,"column":101},"end":{"line":27,"column":136}},"20":{"start":{"line":28,"column":8},"end":{"line":28,"column":60}},"21":{"start":{"line":30,"column":8},"end":{"line":32,"column":9}},"22":{"start":{"line":31,"column":12},"end":{"line":31,"column":77}},"23":{"start":{"line":33,"column":8},"end":{"line":33,"column":65}},"24":{"start":{"line":38,"column":15},"end":{"line":38,"column":28}},"25":{"start":{"line":39,"column":24},"end":{"line":39,"column":87}},"26":{"start":{"line":40,"column":4},"end":{"line":42,"column":5}},"27":{"start":{"line":41,"column":8},"end":{"line":41,"column":87}},"28":{"start":{"line":43,"column":20},"end":{"line":43,"column":47}},"29":{"start":{"line":44,"column":4},"end":{"line":48,"column":5}},"30":{"start":{"line":45,"column":8},"end":{"line":45,"column":48}},"31":{"start":{"line":47,"column":8},"end":{"line":47,"column":69}},"32":{"start":{"line":50,"column":4},"end":{"line":50,"column":62}},"33":{"start":{"line":54,"column":15},"end":{"line":54,"column":28}},"34":{"start":{"line":55,"column":52},"end":{"line":55,"column":60}},"35":{"start":{"line":56,"column":17},"end":{"line":56,"column":71}},"36":{"start":{"line":57,"column":4},"end":{"line":59,"column":5}},"37":{"start":{"line":58,"column":8},"end":{"line":58,"column":83}},"38":{"start":{"line":60,"column":29},"end":{"line":60,"column":42}},"39":{"start":{"line":61,"column":4},"end":{"line":61,"column":37}},"40":{"start":{"line":62,"column":4},"end":{"line":62,"column":46}},"41":{"start":{"line":63,"column":4},"end":{"line":63,"column":49}},"42":{"start":{"line":64,"column":4},"end":{"line":64,"column":43}},"43":{"start":{"line":65,"column":4},"end":{"line":76,"column":7}},"44":{"start":{"line":65,"column":47},"end":{"line":76,"column":6}},"45":{"start":{"line":66,"column":8},"end":{"line":75,"column":9}},"46":{"start":{"line":67,"column":12},"end":{"line":73,"column":13}},"47":{"start":{"line":68,"column":16},"end":{"line":72,"column":17}},"48":{"start":{"line":69,"column":20},"end":{"line":69,"column":56}},"49":{"start":{"line":71,"column":20},"end":{"line":71,"column":81}},"50":{"start":{"line":74,"column":12},"end":{"line":74,"column":76}}},"fnMap":{"0":{"name":"getPosts","decl":{"start":{"line":6,"column":22},"end":{"line":6,"column":30}},"loc":{"start":{"line":6,"column":58},"end":{"line":10,"column":null}}},"1":{"name":"getById","decl":{"start":{"line":12,"column":22},"end":{"line":12,"column":29}},"loc":{"start":{"line":12,"column":57},"end":{"line":20,"column":null}}},"2":{"name":"createPost","decl":{"start":{"line":22,"column":22},"end":{"line":22,"column":32}},"loc":{"start":{"line":22,"column":60},"end":{"line":35,"column":null}}},"3":{"name":"(anonymous_13)","decl":{"start":{"line":27,"column":93},"end":{"line":27,"column":97}},"loc":{"start":{"line":27,"column":101},"end":{"line":27,"column":136}}},"4":{"name":"deletePost","decl":{"start":{"line":37,"column":22},"end":{"line":37,"column":32}},"loc":{"start":{"line":37,"column":60},"end":{"line":51,"column":null}}},"5":{"name":"updatePost","decl":{"start":{"line":53,"column":22},"end":{"line":53,"column":32}},"loc":{"start":{"line":53,"column":60},"end":{"line":77,"column":null}}},"6":{"name":"(anonymous_18)","decl":{"start":{"line":65,"column":27},"end":{"line":65,"column":34}},"loc":{"start":{"line":65,"column":47},"end":{"line":76,"column":6}}},"7":{"name":"(anonymous_19)","decl":{"start":{"line":65,"column":47},"end":{"line":65,"column":null}},"loc":{"start":{"line":65,"column":47},"end":{"line":76,"column":5}}}},"branchMap":{"0":{"loc":{"start":{"line":8,"column":34},"end":{"line":8,"column":52}},"type":"cond-expr","locations":[{"start":{"line":8,"column":46},"end":{"line":8,"column":50}},{"start":{"line":8,"column":50},"end":{"line":8,"column":52}}]},"1":{"loc":{"start":{"line":8,"column":34},"end":{"line":8,"column":50}},"type":"binary-expr","locations":[{"start":{"line":8,"column":34},"end":{"line":8,"column":50}},{"start":{"line":8,"column":46},"end":{"line":8,"column":50}}]},"2":{"loc":{"start":{"line":8,"column":59},"end":{"line":8,"column":75}},"type":"cond-expr","locations":[{"start":{"line":8,"column":69},"end":{"line":8,"column":73}},{"start":{"line":8,"column":73},"end":{"line":8,"column":75}}]},"3":{"loc":{"start":{"line":8,"column":59},"end":{"line":8,"column":73}},"type":"binary-expr","locations":[{"start":{"line":8,"column":59},"end":{"line":8,"column":73}},{"start":{"line":8,"column":69},"end":{"line":8,"column":73}}]},"4":{"loc":{"start":{"line":15,"column":56},"end":{"line":15,"column":69}},"type":"cond-expr","locations":[{"start":{"line":15,"column":64},"end":{"line":15,"column":66}},{"start":{"line":15,"column":64},"end":{"line":15,"column":69}}]},"5":{"loc":{"start":{"line":15,"column":56},"end":{"line":15,"column":66}},"type":"binary-expr","locations":[{"start":{"line":15,"column":56},"end":{"line":15,"column":66}},{"start":{"line":15,"column":64},"end":{"line":15,"column":66}}]},"6":{"loc":{"start":{"line":16,"column":4},"end":{"line":18,"column":5}},"type":"if","locations":[{"start":{"line":16,"column":4},"end":{"line":18,"column":5}},{"start":{},"end":{}}]},"7":{"loc":{"start":{"line":23,"column":38},"end":{"line":23,"column":52}},"type":"default-arg","locations":[{"start":{"line":23,"column":50},"end":{"line":23,"column":52}}]},"8":{"loc":{"start":{"line":26,"column":23},"end":{"line":26,"column":36}},"type":"cond-expr","locations":[{"start":{"line":26,"column":31},"end":{"line":26,"column":33}},{"start":{"line":26,"column":31},"end":{"line":26,"column":36}}]},"9":{"loc":{"start":{"line":26,"column":23},"end":{"line":26,"column":33}},"type":"binary-expr","locations":[{"start":{"line":26,"column":23},"end":{"line":26,"column":33}},{"start":{"line":26,"column":31},"end":{"line":26,"column":33}}]},"10":{"loc":{"start":{"line":30,"column":8},"end":{"line":32,"column":9}},"type":"if","locations":[{"start":{"line":30,"column":8},"end":{"line":32,"column":9}},{"start":{},"end":{}}]},"11":{"loc":{"start":{"line":39,"column":71},"end":{"line":39,"column":84}},"type":"cond-expr","locations":[{"start":{"line":39,"column":79},"end":{"line":39,"column":81}},{"start":{"line":39,"column":79},"end":{"line":39,"column":84}}]},"12":{"loc":{"start":{"line":39,"column":71},"end":{"line":39,"column":81}},"type":"binary-expr","locations":[{"start":{"line":39,"column":71},"end":{"line":39,"column":81}},{"start":{"line":39,"column":79},"end":{"line":39,"column":81}}]},"13":{"loc":{"start":{"line":40,"column":4},"end":{"line":42,"column":5}},"type":"if","locations":[{"start":{"line":40,"column":4},"end":{"line":42,"column":5}},{"start":{},"end":{}}]},"14":{"loc":{"start":{"line":47,"column":21},"end":{"line":47,"column":67}},"type":"cond-expr","locations":[{"start":{"line":47,"column":46},"end":{"line":47,"column":59}},{"start":{"line":47,"column":62},"end":{"line":47,"column":67}}]},"15":{"loc":{"start":{"line":56,"column":55},"end":{"line":56,"column":68}},"type":"cond-expr","locations":[{"start":{"line":56,"column":63},"end":{"line":56,"column":65}},{"start":{"line":56,"column":63},"end":{"line":56,"column":68}}]},"16":{"loc":{"start":{"line":56,"column":55},"end":{"line":56,"column":65}},"type":"binary-expr","locations":[{"start":{"line":56,"column":55},"end":{"line":56,"column":65}},{"start":{"line":56,"column":63},"end":{"line":56,"column":65}}]},"17":{"loc":{"start":{"line":57,"column":4},"end":{"line":59,"column":5}},"type":"if","locations":[{"start":{"line":57,"column":4},"end":{"line":59,"column":5}},{"start":{},"end":{}}]},"18":{"loc":{"start":{"line":61,"column":17},"end":{"line":61,"column":36}},"type":"cond-expr","locations":[{"start":{"line":61,"column":17},"end":{"line":61,"column":22}},{"start":{"line":61,"column":26},"end":{"line":61,"column":36}}]},"19":{"loc":{"start":{"line":61,"column":17},"end":{"line":61,"column":26}},"type":"binary-expr","locations":[{"start":{"line":61,"column":17},"end":{"line":61,"column":26}},{"start":{"line":61,"column":17},"end":{"line":61,"column":26}}]},"20":{"loc":{"start":{"line":62,"column":20},"end":{"line":62,"column":45}},"type":"cond-expr","locations":[{"start":{"line":62,"column":20},"end":{"line":62,"column":28}},{"start":{"line":62,"column":32},"end":{"line":62,"column":45}}]},"21":{"loc":{"start":{"line":62,"column":20},"end":{"line":62,"column":32}},"type":"binary-expr","locations":[{"start":{"line":62,"column":20},"end":{"line":62,"column":32}},{"start":{"line":62,"column":20},"end":{"line":62,"column":32}}]},"22":{"loc":{"start":{"line":63,"column":21},"end":{"line":63,"column":48}},"type":"cond-expr","locations":[{"start":{"line":63,"column":21},"end":{"line":63,"column":30}},{"start":{"line":63,"column":34},"end":{"line":63,"column":48}}]},"23":{"loc":{"start":{"line":63,"column":21},"end":{"line":63,"column":34}},"type":"binary-expr","locations":[{"start":{"line":63,"column":21},"end":{"line":63,"column":34}},{"start":{"line":63,"column":21},"end":{"line":63,"column":34}}]},"24":{"loc":{"start":{"line":64,"column":19},"end":{"line":64,"column":42}},"type":"cond-expr","locations":[{"start":{"line":64,"column":19},"end":{"line":64,"column":26}},{"start":{"line":64,"column":30},"end":{"line":64,"column":42}}]},"25":{"loc":{"start":{"line":64,"column":19},"end":{"line":64,"column":30}},"type":"binary-expr","locations":[{"start":{"line":64,"column":19},"end":{"line":64,"column":30}},{"start":{"line":64,"column":19},"end":{"line":64,"column":30}}]},"26":{"loc":{"start":{"line":66,"column":8},"end":{"line":75,"column":9}},"type":"if","locations":[{"start":{"line":66,"column":8},"end":{"line":75,"column":9}},{"start":{},"end":{}}]},"27":{"loc":{"start":{"line":67,"column":12},"end":{"line":73,"column":13}},"type":"if","locations":[{"start":{"line":67,"column":12},"end":{"line":73,"column":13}},{"start":{},"end":{}}]},"28":{"loc":{"start":{"line":71,"column":33},"end":{"line":71,"column":79}},"type":"cond-expr","locations":[{"start":{"line":71,"column":58},"end":{"line":71,"column":71}},{"start":{"line":71,"column":74},"end":{"line":71,"column":79}}]}},"s":{"0":1,"1":1,"2":1,"3":1,"4":1,"5":1,"6":1,"7":1,"8":2,"9":2,"10":0,"11":0,"12":0,"13":0,"14":0,"15":2,"16":2,"17":2,"18":2,"19":1,"20":1,"21":1,"22":1,"23":1,"24":1,"25":1,"26":1,"27":0,"28":1,"29":1,"30":1,"31":0,"32":1,"33":2,"34":2,"35":2,"36":2,"37":1,"38":1,"39":1,"40":1,"41":1,"42":1,"43":1,"44":1,"45":1,"46":1,"47":1,"48":1,"49":0,"50":1},"f":{"0":2,"1":0,"2":2,"3":1,"4":1,"5":2,"6":1,"7":1},"b":{"0":[0,2],"1":[2,2],"2":[0,2],"3":[2,2],"4":[0,0],"5":[0,0],"6":[0,0],"7":[0],"8":[1,1],"9":[2,2],"10":[1,0],"11":[1,0],"12":[1,1],"13":[0,1],"14":[0,0],"15":[2,0],"16":[2,2],"17":[1,1],"18":[1,0],"19":[1,1],"20":[1,0],"21":[1,1],"22":[1,0],"23":[1,1],"24":[1,0],"25":[1,1],"26":[1,0],"27":[1,0],"28":[0,0]}}
,"/Users/dummdevka/projects/nodejs/artboard/backend/src/controllers/userController.ts": {"path":"/Users/dummdevka/projects/nodejs/artboard/backend/src/controllers/userController.ts","statementMap":{"0":{"start":{"line":5,"column":0},"end":{"line":5,"column":22}},"1":{"start":{"line":3,"column":0},"end":{"line":3,"column":52}},"2":{"start":{"line":6,"column":24},"end":{"line":6,"column":32}},"3":{"start":{"line":7,"column":4},"end":{"line":9,"column":5}},"4":{"start":{"line":8,"column":8},"end":{"line":8,"column":94}},"5":{"start":{"line":10,"column":4},"end":{"line":12,"column":5}},"6":{"start":{"line":11,"column":8},"end":{"line":11,"column":81}},"7":{"start":{"line":13,"column":17},"end":{"line":13,"column":58}},"8":{"start":{"line":14,"column":4},"end":{"line":14,"column":72}},"9":{"start":{"line":17,"column":26},"end":{"line":26,"column":null}},"10":{"start":{"line":17,"column":64},"end":{"line":26,"column":null}},"11":{"start":{"line":18,"column":4},"end":{"line":25,"column":5}},"12":{"start":{"line":19,"column":28},"end":{"line":19,"column":53}},"13":{"start":{"line":20,"column":8},"end":{"line":22,"column":10}},"14":{"start":{"line":24,"column":8},"end":{"line":24,"column":72}},"15":{"start":{"line":17,"column":13},"end":{"line":17,"column":26}}},"fnMap":{"0":{"name":"updateUser","decl":{"start":{"line":5,"column":22},"end":{"line":5,"column":32}},"loc":{"start":{"line":5,"column":60},"end":{"line":15,"column":null}}},"1":{"name":"(anonymous_9)","decl":{"start":{"line":17,"column":26},"end":{"line":17,"column":33}},"loc":{"start":{"line":17,"column":64},"end":{"line":26,"column":null}}},"2":{"name":"(anonymous_10)","decl":{"start":{"line":17,"column":64},"end":{"line":17,"column":null}},"loc":{"start":{"line":17,"column":64},"end":{"line":26,"column":1}}}},"branchMap":{"0":{"loc":{"start":{"line":7,"column":4},"end":{"line":9,"column":5}},"type":"if","locations":[{"start":{"line":7,"column":4},"end":{"line":9,"column":5}},{"start":{},"end":{}}]},"1":{"loc":{"start":{"line":10,"column":4},"end":{"line":12,"column":5}},"type":"if","locations":[{"start":{"line":10,"column":4},"end":{"line":12,"column":5}},{"start":{},"end":{}}]}},"s":{"0":1,"1":1,"2":3,"3":3,"4":1,"5":2,"6":1,"7":1,"8":1,"9":1,"10":1,"11":1,"12":1,"13":1,"14":0,"15":1},"f":{"0":3,"1":1,"2":1},"b":{"0":[1,2],"1":[1,1]}}
,"/Users/dummdevka/projects/nodejs/artboard/backend/src/filters/postFilter.ts": {"path":"/Users/dummdevka/projects/nodejs/artboard/backend/src/filters/postFilter.ts","statementMap":{"0":{"start":{"line":1,"column":0},"end":{"line":1,"column":72}},"1":{"start":{"line":3,"column":13},"end":{"line":18,"column":null}}},"fnMap":{},"branchMap":{},"s":{"0":1,"1":1},"f":{},"b":{}}
,"/Users/dummdevka/projects/nodejs/artboard/backend/src/helper/configHelper.ts": {"path":"/Users/dummdevka/projects/nodejs/artboard/backend/src/helper/configHelper.ts","statementMap":{"0":{"start":{"line":1,"column":0},"end":{"line":1,"column":16}},"1":{"start":{"line":13,"column":0},"end":{"line":13,"column":16}},"2":{"start":{"line":2,"column":25},"end":{"line":7,"column":6}},"3":{"start":{"line":8,"column":4},"end":{"line":10,"column":null}},"4":{"start":{"line":9,"column":8},"end":{"line":9,"column":32}},"5":{"start":{"line":14,"column":18},"end":{"line":14,"column":40}},"6":{"start":{"line":15,"column":4},"end":{"line":17,"column":5}},"7":{"start":{"line":16,"column":8},"end":{"line":16,"column":65}},"8":{"start":{"line":18,"column":4},"end":{"line":18,"column":17}}},"fnMap":{"0":{"name":"checkAllRequiredVars","decl":{"start":{"line":1,"column":16},"end":{"line":1,"column":36}},"loc":{"start":{"line":1,"column":36},"end":{"line":11,"column":1}}},"1":{"name":"(anonymous_1)","decl":{"start":{"line":8,"column":25},"end":{"line":8,"column":26}},"loc":{"start":{"line":8,"column":37},"end":{"line":10,"column":5}}},"2":{"name":"getConfigValue","decl":{"start":{"line":13,"column":16},"end":{"line":13,"column":30}},"loc":{"start":{"line":13,"column":48},"end":{"line":19,"column":1}}}},"branchMap":{"0":{"loc":{"start":{"line":15,"column":4},"end":{"line":17,"column":5}},"type":"if","locations":[{"start":{"line":15,"column":4},"end":{"line":17,"column":5}},{"start":{},"end":{}}]}},"s":{"0":1,"1":1,"2":0,"3":0,"4":0,"5":1,"6":1,"7":0,"8":1},"f":{"0":0,"1":0,"2":1},"b":{"0":[0,1]}}
,"/Users/dummdevka/projects/nodejs/artboard/backend/src/helper/loggerHelper.ts": {"path":"/Users/dummdevka/projects/nodejs/artboard/backend/src/helper/loggerHelper.ts","statementMap":{"0":{"start":{"line":1,"column":0},"end":{"line":1,"column":30}},"1":{"start":{"line":2,"column":0},"end":{"line":2,"column":48}},"2":{"start":{"line":4,"column":13},"end":{"line":12,"column":3}},"3":{"start":{"line":14,"column":0},"end":{"line":16,"column":1}},"4":{"start":{"line":15,"column":4},"end":{"line":15,"column":84}}},"fnMap":{},"branchMap":{"0":{"loc":{"start":{"line":14,"column":0},"end":{"line":16,"column":1}},"type":"if","locations":[{"start":{"line":14,"column":0},"end":{"line":16,"column":1}},{"start":{},"end":{}}]}},"s":{"0":1,"1":1,"2":1,"3":1,"4":1},"f":{},"b":{"0":[1,0]}}
,"/Users/dummdevka/projects/nodejs/artboard/backend/src/middleware/filterMiddleware.ts": {"path":"/Users/dummdevka/projects/nodejs/artboard/backend/src/middleware/filterMiddleware.ts","statementMap":{"0":{"start":{"line":2,"column":0},"end":{"line":2,"column":32}},"1":{"start":{"line":11,"column":13},"end":{"line":26,"column":null}},"2":{"start":{"line":30,"column":32},"end":{"line":58,"column":1}},"3":{"start":{"line":31,"column":4},"end":{"line":57,"column":null}},"4":{"start":{"line":32,"column":52},"end":{"line":32,"column":54}},"5":{"start":{"line":33,"column":22},"end":{"line":33,"column":31}},"6":{"start":{"line":34,"column":8},"end":{"line":54,"column":11}},"7":{"start":{"line":35,"column":12},"end":{"line":53,"column":null}},"8":{"start":{"line":36,"column":16},"end":{"line":38,"column":17}},"9":{"start":{"line":37,"column":20},"end":{"line":37,"column":27}},"10":{"start":{"line":39,"column":16},"end":{"line":52,"column":17}},"11":{"start":{"line":40,"column":40},"end":{"line":40,"column":130}},"12":{"start":{"line":41,"column":38},"end":{"line":41,"column":69}},"13":{"start":{"line":42,"column":20},"end":{"line":45,"column":21}},"14":{"start":{"line":43,"column":24},"end":{"line":43,"column":83}},"15":{"start":{"line":44,"column":24},"end":{"line":44,"column":31}},"16":{"start":{"line":46,"column":36},"end":{"line":46,"column":60}},"17":{"start":{"line":47,"column":36},"end":{"line":47,"column":96}},"18":{"start":{"line":48,"column":20},"end":{"line":48,"column":51}},"19":{"start":{"line":50,"column":20},"end":{"line":50,"column":null}},"20":{"start":{"line":51,"column":20},"end":{"line":51,"column":27}},"21":{"start":{"line":55,"column":8},"end":{"line":55,"column":30}},"22":{"start":{"line":56,"column":8},"end":{"line":56,"column":15}},"23":{"start":{"line":30,"column":13},"end":{"line":30,"column":32}}},"fnMap":{"0":{"name":"(anonymous_1)","decl":{"start":{"line":30,"column":32},"end":{"line":30,"column":33}},"loc":{"start":{"line":30,"column":59},"end":{"line":58,"column":1}}},"1":{"name":"(anonymous_2)","decl":{"start":{"line":31,"column":11},"end":{"line":31,"column":12}},"loc":{"start":{"line":31,"column":63},"end":{"line":57,"column":5}}},"2":{"name":"(anonymous_3)","decl":{"start":{"line":34,"column":34},"end":{"line":34,"column":35}},"loc":{"start":{"line":34,"column":48},"end":{"line":54,"column":9}}},"3":{"name":"(anonymous_4)","decl":{"start":{"line":35,"column":46},"end":{"line":35,"column":47}},"loc":{"start":{"line":35,"column":68},"end":{"line":53,"column":13}}}},"branchMap":{"0":{"loc":{"start":{"line":36,"column":16},"end":{"line":38,"column":17}},"type":"if","locations":[{"start":{"line":36,"column":16},"end":{"line":38,"column":17}},{"start":{},"end":{}}]},"1":{"loc":{"start":{"line":40,"column":40},"end":{"line":40,"column":130}},"type":"cond-expr","locations":[{"start":{"line":40,"column":58},"end":{"line":40,"column":107}},{"start":{"line":40,"column":110},"end":{"line":40,"column":130}}]},"2":{"loc":{"start":{"line":41,"column":38},"end":{"line":41,"column":69}},"type":"cond-expr","locations":[{"start":{"line":41,"column":62},"end":{"line":41,"column":66}},{"start":{"line":41,"column":66},"end":{"line":41,"column":69}}]},"3":{"loc":{"start":{"line":41,"column":38},"end":{"line":41,"column":66}},"type":"binary-expr","locations":[{"start":{"line":41,"column":38},"end":{"line":41,"column":66}},{"start":{"line":41,"column":62},"end":{"line":41,"column":66}}]},"4":{"loc":{"start":{"line":42,"column":20},"end":{"line":45,"column":21}},"type":"if","locations":[{"start":{"line":42,"column":20},"end":{"line":45,"column":21}},{"start":{},"end":{}}]},"5":{"loc":{"start":{"line":42,"column":24},"end":{"line":42,"column":108}},"type":"binary-expr","locations":[{"start":{"line":42,"column":24},"end":{"line":42,"column":57}},{"start":{"line":42,"column":61},"end":{"line":42,"column":77}},{"start":{"line":42,"column":81},"end":{"line":42,"column":108}}]},"6":{"loc":{"start":{"line":47,"column":46},"end":{"line":47,"column":69}},"type":"binary-expr","locations":[{"start":{"line":47,"column":46},"end":{"line":47,"column":63}},{"start":{"line":47,"column":67},"end":{"line":47,"column":69}}]},"7":{"loc":{"start":{"line":50,"column":68},"end":{"line":50,"column":114}},"type":"cond-expr","locations":[{"start":{"line":50,"column":93},"end":{"line":50,"column":106}},{"start":{"line":50,"column":109},"end":{"line":50,"column":114}}]}},"s":{"0":1,"1":1,"2":1,"3":3,"4":3,"5":3,"6":3,"7":12,"8":12,"9":8,"10":4,"11":4,"12":3,"13":3,"14":0,"15":0,"16":3,"17":3,"18":3,"19":1,"20":1,"21":3,"22":3,"23":1},"f":{"0":3,"1":3,"2":12,"3":12},"b":{"0":[8,4],"1":[2,2],"2":[2,1],"3":[3,3],"4":[0,3],"5":[3,2,2],"6":[3,2],"7":[1,0]}}
,"/Users/dummdevka/projects/nodejs/artboard/backend/src/middleware/sortMiddleware.ts": {"path":"/Users/dummdevka/projects/nodejs/artboard/backend/src/middleware/sortMiddleware.ts","statementMap":{"0":{"start":{"line":4,"column":30},"end":{"line":21,"column":1}},"1":{"start":{"line":5,"column":4},"end":{"line":20,"column":null}},"2":{"start":{"line":6,"column":42},"end":{"line":6,"column":51}},"3":{"start":{"line":8,"column":8},"end":{"line":11,"column":9}},"4":{"start":{"line":9,"column":12},"end":{"line":9,"column":137}},"5":{"start":{"line":10,"column":12},"end":{"line":10,"column":19}},"6":{"start":{"line":12,"column":29},"end":{"line":12,"column":52}},"7":{"start":{"line":13,"column":8},"end":{"line":16,"column":9}},"8":{"start":{"line":14,"column":12},"end":{"line":14,"column":19}},"9":{"start":{"line":15,"column":12},"end":{"line":15,"column":19}},"10":{"start":{"line":17,"column":26},"end":{"line":17,"column":45}},"11":{"start":{"line":18,"column":8},"end":{"line":18,"column":50}},"12":{"start":{"line":19,"column":8},"end":{"line":19,"column":15}},"13":{"start":{"line":4,"column":13},"end":{"line":4,"column":30}}},"fnMap":{"0":{"name":"(anonymous_0)","decl":{"start":{"line":4,"column":30},"end":{"line":4,"column":31}},"loc":{"start":{"line":4,"column":76},"end":{"line":21,"column":1}}},"1":{"name":"(anonymous_1)","decl":{"start":{"line":5,"column":11},"end":{"line":5,"column":12}},"loc":{"start":{"line":5,"column":63},"end":{"line":20,"column":5}}}},"branchMap":{"0":{"loc":{"start":{"line":8,"column":8},"end":{"line":11,"column":9}},"type":"if","locations":[{"start":{"line":8,"column":8},"end":{"line":11,"column":9}},{"start":{},"end":{}}]},"1":{"loc":{"start":{"line":8,"column":12},"end":{"line":8,"column":35}},"type":"binary-expr","locations":[{"start":{"line":8,"column":12},"end":{"line":8,"column":22}},{"start":{"line":8,"column":26},"end":{"line":8,"column":35}}]},"2":{"loc":{"start":{"line":12,"column":29},"end":{"line":12,"column":52}},"type":"cond-expr","locations":[{"start":{"line":12,"column":29},"end":{"line":12,"column":39}},{"start":{"line":12,"column":43},"end":{"line":12,"column":52}}]},"3":{"loc":{"start":{"line":12,"column":29},"end":{"line":12,"column":43}},"type":"binary-expr","locations":[{"start":{"line":12,"column":29},"end":{"line":12,"column":43}},{"start":{"line":12,"column":29},"end":{"line":12,"column":43}}]},"4":{"loc":{"start":{"line":13,"column":8},"end":{"line":16,"column":9}},"type":"if","locations":[{"start":{"line":13,"column":8},"end":{"line":16,"column":9}},{"start":{},"end":{}}]},"5":{"loc":{"start":{"line":13,"column":12},"end":{"line":13,"column":115}},"type":"binary-expr","locations":[{"start":{"line":13,"column":12},"end":{"line":13,"column":24}},{"start":{"line":13,"column":28},"end":{"line":13,"column":59}},{"start":{"line":13,"column":63},"end":{"line":13,"column":115}}]},"6":{"loc":{"start":{"line":13,"column":64},"end":{"line":13,"column":113}},"type":"cond-expr","locations":[{"start":{"line":13,"column":90},"end":{"line":13,"column":92}},{"start":{"line":13,"column":90},"end":{"line":13,"column":113}}]},"7":{"loc":{"start":{"line":13,"column":64},"end":{"line":13,"column":92}},"type":"binary-expr","locations":[{"start":{"line":13,"column":64},"end":{"line":13,"column":92}},{"start":{"line":13,"column":90},"end":{"line":13,"column":92}}]},"8":{"loc":{"start":{"line":17,"column":26},"end":{"line":17,"column":45}},"type":"cond-expr","locations":[{"start":{"line":17,"column":39},"end":{"line":17,"column":41}},{"start":{"line":17,"column":44},"end":{"line":17,"column":45}}]}},"s":{"0":1,"1":3,"2":3,"3":3,"4":1,"5":1,"6":2,"7":2,"8":1,"9":1,"10":1,"11":1,"12":1,"13":1},"f":{"0":3,"1":3},"b":{"0":[1,2],"1":[3,3],"2":[2,0],"3":[2,2],"4":[1,1],"5":[2,2,2],"6":[0,2],"7":[2,2],"8":[1,0]}}
,"/Users/dummdevka/projects/nodejs/artboard/backend/src/models/Post.ts": {"path":"/Users/dummdevka/projects/nodejs/artboard/backend/src/models/Post.ts","statementMap":{"0":{"start":{"line":1,"column":0},"end":{"line":1,"column":65}},"1":{"start":{"line":2,"column":0},"end":{"line":2,"column":32}},"2":{"start":{"line":18,"column":19},"end":{"line":38,"column":24}},"3":{"start":{"line":40,"column":0},"end":{"line":47,"column":3}},"4":{"start":{"line":42,"column":8},"end":{"line":42,"column":25}},"5":{"start":{"line":43,"column":8},"end":{"line":43,"column":23}},"6":{"start":{"line":44,"column":8},"end":{"line":44,"column":23}},"7":{"start":{"line":45,"column":8},"end":{"line":45,"column":19}},"8":{"start":{"line":48,"column":0},"end":{"line":50,"column":null}},"9":{"start":{"line":49,"column":4},"end":{"line":49,"column":25}},"10":{"start":{"line":52,"column":13},"end":{"line":52,"column":65}}},"fnMap":{"0":{"name":"(anonymous_1)","decl":{"start":{"line":41,"column":15},"end":{"line":41,"column":24}},"loc":{"start":{"line":41,"column":32},"end":{"line":46,"column":5}}},"1":{"name":"(anonymous_2)","decl":{"start":{"line":48,"column":39},"end":{"line":48,"column":42}},"loc":{"start":{"line":48,"column":44},"end":{"line":50,"column":1}}}},"branchMap":{},"s":{"0":1,"1":1,"2":1,"3":1,"4":0,"5":0,"6":0,"7":0,"8":1,"9":2,"10":1},"f":{"0":0,"1":2},"b":{}}
,"/Users/dummdevka/projects/nodejs/artboard/backend/src/models/User.ts": {"path":"/Users/dummdevka/projects/nodejs/artboard/backend/src/models/User.ts","statementMap":{"0":{"start":{"line":1,"column":0},"end":{"line":1,"column":51}},"1":{"start":{"line":2,"column":0},"end":{"line":2,"column":28}},"2":{"start":{"line":23,"column":19},"end":{"line":64,"column":24}},"3":{"start":{"line":66,"column":0},"end":{"line":74,"column":3}},"4":{"start":{"line":68,"column":4},"end":{"line":70,"column":5}},"5":{"start":{"line":69,"column":8},"end":{"line":69,"column":22}},"6":{"start":{"line":71,"column":17},"end":{"line":71,"column":41}},"7":{"start":{"line":72,"column":4},"end":{"line":72,"column":59}},"8":{"start":{"line":73,"column":4},"end":{"line":73,"column":11}},"9":{"start":{"line":76,"column":0},"end":{"line":84,"column":3}},"10":{"start":{"line":78,"column":8},"end":{"line":78,"column":25}},"11":{"start":{"line":79,"column":8},"end":{"line":79,"column":23}},"12":{"start":{"line":80,"column":8},"end":{"line":80,"column":23}},"13":{"start":{"line":81,"column":8},"end":{"line":81,"column":28}},"14":{"start":{"line":82,"column":8},"end":{"line":82,"column":19}},"15":{"start":{"line":86,"column":0},"end":{"line":88,"column":null}},"16":{"start":{"line":87,"column":4},"end":{"line":87,"column":64}},"17":{"start":{"line":90,"column":0},"end":{"line":100,"column":null}},"18":{"start":{"line":91,"column":4},"end":{"line":91,"column":64}},"19":{"start":{"line":91,"column":36},"end":{"line":91,"column":64}},"20":{"start":{"line":92,"column":4},"end":{"line":92,"column":55}},"21":{"start":{"line":92,"column":33},"end":{"line":92,"column":55}},"22":{"start":{"line":93,"column":4},"end":{"line":93,"column":55}},"23":{"start":{"line":93,"column":33},"end":{"line":93,"column":55}},"24":{"start":{"line":94,"column":4},"end":{"line":94,"column":64}},"25":{"start":{"line":94,"column":36},"end":{"line":94,"column":64}},"26":{"start":{"line":95,"column":4},"end":{"line":95,"column":64}},"27":{"start":{"line":95,"column":36},"end":{"line":95,"column":64}},"28":{"start":{"line":96,"column":4},"end":{"line":96,"column":70}},"29":{"start":{"line":96,"column":38},"end":{"line":96,"column":70}},"30":{"start":{"line":98,"column":4},"end":{"line":98,"column":22}},"31":{"start":{"line":99,"column":4},"end":{"line":99,"column":16}},"32":{"start":{"line":102,"column":13},"end":{"line":102,"column":53}}},"fnMap":{"0":{"name":"(anonymous_8)","decl":{"start":{"line":66,"column":23},"end":{"line":66,"column":38}},"loc":{"start":{"line":66,"column":42},"end":{"line":74,"column":2}}},"1":{"name":"(anonymous_10)","decl":{"start":{"line":77,"column":15},"end":{"line":77,"column":16}},"loc":{"start":{"line":77,"column":28},"end":{"line":83,"column":5}}},"2":{"name":"(anonymous_11)","decl":{"start":{"line":86,"column":35},"end":{"line":86,"column":63}},"loc":{"start":{"line":86,"column":86},"end":{"line":88,"column":null}}},"3":{"name":"(anonymous_13)","decl":{"start":{"line":90,"column":35},"end":{"line":90,"column":63}},"loc":{"start":{"line":90,"column":83},"end":{"line":100,"column":null}}}},"branchMap":{"0":{"loc":{"start":{"line":68,"column":4},"end":{"line":70,"column":5}},"type":"if","locations":[{"start":{"line":68,"column":4},"end":{"line":70,"column":5}},{"start":{},"end":{}}]},"1":{"loc":{"start":{"line":91,"column":4},"end":{"line":91,"column":64}},"type":"if","locations":[{"start":{"line":91,"column":4},"end":{"line":91,"column":64}},{"start":{},"end":{}}]},"2":{"loc":{"start":{"line":92,"column":4},"end":{"line":92,"column":55}},"type":"if","locations":[{"start":{"line":92,"column":4},"end":{"line":92,"column":55}},{"start":{},"end":{}}]},"3":{"loc":{"start":{"line":93,"column":4},"end":{"line":93,"column":55}},"type":"if","locations":[{"start":{"line":93,"column":4},"end":{"line":93,"column":55}},{"start":{},"end":{}}]},"4":{"loc":{"start":{"line":94,"column":4},"end":{"line":94,"column":64}},"type":"if","locations":[{"start":{"line":94,"column":4},"end":{"line":94,"column":64}},{"start":{},"end":{}}]},"5":{"loc":{"start":{"line":95,"column":4},"end":{"line":95,"column":64}},"type":"if","locations":[{"start":{"line":95,"column":4},"end":{"line":95,"column":64}},{"start":{},"end":{}}]},"6":{"loc":{"start":{"line":96,"column":4},"end":{"line":96,"column":70}},"type":"if","locations":[{"start":{"line":96,"column":4},"end":{"line":96,"column":70}},{"start":{},"end":{}}]}},"s":{"0":1,"1":1,"2":1,"3":1,"4":0,"5":0,"6":0,"7":0,"8":0,"9":1,"10":2,"11":2,"12":2,"13":2,"14":2,"15":1,"16":0,"17":1,"18":1,"19":0,"20":1,"21":0,"22":1,"23":1,"24":1,"25":0,"26":1,"27":0,"28":1,"29":0,"30":1,"31":1,"32":1},"f":{"0":0,"1":2,"2":0,"3":1},"b":{"0":[0,0],"1":[0,1],"2":[0,1],"3":[1,0],"4":[0,1],"5":[0,1],"6":[0,1]}}
}
