TN:
SF:src/controllers/authController.ts
FN:7,(anonymous_7)
FN:7,(anonymous_8)
FN:31,(anonymous_9)
FN:31,(anonymous_10)
FNF:4
FNH:4
FNDA:3,(anonymous_7)
FNDA:3,(anonymous_8)
FNDA:3,(anonymous_9)
FNDA:3,(anonymous_10)
DA:1,1
DA:2,1
DA:7,3
DA:8,3
DA:9,3
DA:10,3
DA:11,1
DA:13,2
DA:14,2
DA:15,0
DA:17,2
DA:19,2
DA:20,1
DA:21,1
DA:22,1
DA:23,1
DA:27,1
DA:31,3
DA:32,3
DA:33,3
DA:34,3
DA:35,1
DA:38,2
DA:39,1
DA:40,1
DA:41,1
DA:43,1
LF:27
LH:26
BRDA:10,0,0,1
BRDA:10,0,1,2
BRDA:14,1,0,0
BRDA:14,1,1,2
BRDA:19,2,0,1
BRDA:19,2,1,1
BRDA:34,3,0,1
BRDA:34,3,1,2
BRDA:38,4,0,1
BRDA:38,4,1,1
BRF:10
BRH:9
end_of_record
TN:
SF:src/controllers/postController.ts
FN:6,getPosts
FN:12,getById
FN:22,createPost
FN:27,(anonymous_13)
FN:37,deletePost
FN:53,updatePost
FN:65,(anonymous_18)
FN:65,(anonymous_19)
FNF:8
FNH:7
FNDA:2,getPosts
FNDA:0,getById
FNDA:2,createPost
FNDA:1,(anonymous_13)
FNDA:1,deletePost
FNDA:2,updatePost
FNDA:1,(anonymous_18)
FNDA:1,(anonymous_19)
DA:1,1
DA:3,1
DA:4,1
DA:6,1
DA:8,2
DA:9,2
DA:12,1
DA:14,0
DA:15,0
DA:16,0
DA:17,0
DA:19,0
DA:22,1
DA:23,2
DA:25,2
DA:26,2
DA:27,2
DA:28,1
DA:30,1
DA:31,1
DA:33,1
DA:37,1
DA:38,1
DA:39,1
DA:40,1
DA:41,0
DA:43,1
DA:44,1
DA:45,1
DA:47,0
DA:50,1
DA:53,1
DA:54,2
DA:55,2
DA:56,2
DA:57,2
DA:58,1
DA:60,1
DA:61,1
DA:62,1
DA:63,1
DA:64,1
DA:65,1
DA:66,1
DA:67,1
DA:68,1
DA:69,1
DA:71,0
DA:74,1
LF:49
LH:41
BRDA:8,0,0,0
BRDA:8,0,1,2
BRDA:8,1,0,2
BRDA:8,1,1,2
BRDA:8,2,0,0
BRDA:8,2,1,2
BRDA:8,3,0,2
BRDA:8,3,1,2
BRDA:15,4,0,0
BRDA:15,4,1,0
BRDA:15,5,0,0
BRDA:15,5,1,0
BRDA:16,6,0,0
BRDA:16,6,1,0
BRDA:23,7,0,0
BRDA:26,8,0,1
BRDA:26,8,1,1
BRDA:26,9,0,2
BRDA:26,9,1,2
BRDA:30,10,0,1
BRDA:30,10,1,0
BRDA:39,11,0,1
BRDA:39,11,1,0
BRDA:39,12,0,1
BRDA:39,12,1,1
BRDA:40,13,0,0
BRDA:40,13,1,1
BRDA:47,14,0,0
BRDA:47,14,1,0
BRDA:56,15,0,2
BRDA:56,15,1,0
BRDA:56,16,0,2
BRDA:56,16,1,2
BRDA:57,17,0,1
BRDA:57,17,1,1
BRDA:61,18,0,1
BRDA:61,18,1,0
BRDA:61,19,0,1
BRDA:61,19,1,1
BRDA:62,20,0,1
BRDA:62,20,1,0
BRDA:62,21,0,1
BRDA:62,21,1,1
BRDA:63,22,0,1
BRDA:63,22,1,0
BRDA:63,23,0,1
BRDA:63,23,1,1
BRDA:64,24,0,1
BRDA:64,24,1,0
BRDA:64,25,0,1
BRDA:64,25,1,1
BRDA:66,26,0,1
BRDA:66,26,1,0
BRDA:67,27,0,1
BRDA:67,27,1,0
BRDA:71,28,0,0
BRDA:71,28,1,0
BRF:57
BRH:34
end_of_record
TN:
SF:src/controllers/userController.ts
FN:5,updateUser
FN:17,(anonymous_9)
FN:17,(anonymous_10)
FNF:3
FNH:3
FNDA:3,updateUser
FNDA:1,(anonymous_9)
FNDA:1,(anonymous_10)
DA:3,1
DA:5,1
DA:6,3
DA:7,3
DA:8,1
DA:10,2
DA:11,1
DA:13,1
DA:14,1
DA:17,1
DA:18,1
DA:19,1
DA:20,1
DA:24,0
LF:14
LH:13
BRDA:7,0,0,1
BRDA:7,0,1,2
BRDA:10,1,0,1
BRDA:10,1,1,1
BRF:4
BRH:4
end_of_record
TN:
SF:src/filters/postFilter.ts
FNF:0
FNH:0
DA:1,1
DA:3,1
LF:2
LH:2
BRF:0
BRH:0
end_of_record
TN:
SF:src/helper/configHelper.ts
FN:1,checkAllRequiredVars
FN:8,(anonymous_1)
FN:13,getConfigValue
FNF:3
FNH:1
FNDA:0,checkAllRequiredVars
FNDA:0,(anonymous_1)
FNDA:1,getConfigValue
DA:1,1
DA:2,0
DA:8,0
DA:9,0
DA:13,1
DA:14,1
DA:15,1
DA:16,0
DA:18,1
LF:9
LH:5
BRDA:15,0,0,0
BRDA:15,0,1,1
BRF:2
BRH:1
end_of_record
TN:
SF:src/helper/loggerHelper.ts
FNF:0
FNH:0
DA:1,1
DA:2,1
DA:4,1
DA:14,1
DA:15,1
LF:5
LH:5
BRDA:14,0,0,1
BRDA:14,0,1,0
BRF:2
BRH:1
end_of_record
TN:
SF:src/middleware/filterMiddleware.ts
FN:30,(anonymous_1)
FN:31,(anonymous_2)
FN:34,(anonymous_3)
FN:35,(anonymous_4)
FNF:4
FNH:4
FNDA:3,(anonymous_1)
FNDA:3,(anonymous_2)
FNDA:12,(anonymous_3)
FNDA:12,(anonymous_4)
DA:2,1
DA:11,1
DA:30,1
DA:31,3
DA:32,3
DA:33,3
DA:34,3
DA:35,12
DA:36,12
DA:37,8
DA:39,4
DA:40,4
DA:41,3
DA:42,3
DA:43,0
DA:44,0
DA:46,3
DA:47,3
DA:48,3
DA:50,1
DA:51,1
DA:55,3
DA:56,3
LF:23
LH:21
BRDA:36,0,0,8
BRDA:36,0,1,4
BRDA:40,1,0,2
BRDA:40,1,1,2
BRDA:41,2,0,2
BRDA:41,2,1,1
BRDA:41,3,0,3
BRDA:41,3,1,3
BRDA:42,4,0,0
BRDA:42,4,1,3
BRDA:42,5,0,3
BRDA:42,5,1,2
BRDA:42,5,2,2
BRDA:47,6,0,3
BRDA:47,6,1,2
BRDA:50,7,0,1
BRDA:50,7,1,0
BRF:17
BRH:15
end_of_record
TN:
SF:src/middleware/sortMiddleware.ts
FN:4,(anonymous_0)
FN:5,(anonymous_1)
FNF:2
FNH:2
FNDA:3,(anonymous_0)
FNDA:3,(anonymous_1)
DA:4,1
DA:5,3
DA:6,3
DA:8,3
DA:9,1
DA:10,1
DA:12,2
DA:13,2
DA:14,1
DA:15,1
DA:17,1
DA:18,1
DA:19,1
LF:13
LH:13
BRDA:8,0,0,1
BRDA:8,0,1,2
BRDA:8,1,0,3
BRDA:8,1,1,3
BRDA:12,2,0,2
BRDA:12,2,1,0
BRDA:12,3,0,2
BRDA:12,3,1,2
BRDA:13,4,0,1
BRDA:13,4,1,1
BRDA:13,5,0,2
BRDA:13,5,1,2
BRDA:13,5,2,2
BRDA:13,6,0,0
BRDA:13,6,1,2
BRDA:13,7,0,2
BRDA:13,7,1,2
BRDA:17,8,0,1
BRDA:17,8,1,0
BRF:19
BRH:16
end_of_record
TN:
SF:src/models/Post.ts
FN:41,(anonymous_1)
FN:48,(anonymous_2)
FNF:2
FNH:1
FNDA:0,(anonymous_1)
FNDA:2,(anonymous_2)
DA:1,1
DA:2,1
DA:18,1
DA:40,1
DA:42,0
DA:43,0
DA:44,0
DA:45,0
DA:48,1
DA:49,2
DA:52,1
LF:11
LH:7
BRF:0
BRH:0
end_of_record
TN:
SF:src/models/User.ts
FN:66,(anonymous_8)
FN:77,(anonymous_10)
FN:86,(anonymous_11)
FN:90,(anonymous_13)
FNF:4
FNH:2
FNDA:0,(anonymous_8)
FNDA:2,(anonymous_10)
FNDA:0,(anonymous_11)
FNDA:1,(anonymous_13)
DA:1,1
DA:2,1
DA:23,1
DA:66,1
DA:68,0
DA:69,0
DA:71,0
DA:72,0
DA:73,0
DA:76,1
DA:78,2
DA:79,2
DA:80,2
DA:81,2
DA:82,2
DA:86,1
DA:87,0
DA:90,1
DA:91,1
DA:92,1
DA:93,1
DA:94,1
DA:95,1
DA:96,1
DA:98,1
DA:99,1
DA:102,1
LF:27
LH:21
BRDA:68,0,0,0
BRDA:68,0,1,0
BRDA:91,1,0,0
BRDA:91,1,1,1
BRDA:92,2,0,0
BRDA:92,2,1,1
BRDA:93,3,0,1
BRDA:93,3,1,0
BRDA:94,4,0,0
BRDA:94,4,1,1
BRDA:95,5,0,0
BRDA:95,5,1,1
BRDA:96,6,0,0
BRDA:96,6,1,1
BRF:14
BRH:6
end_of_record
